<?xml version="1.0" encoding="UTF-8"?>
<!-- Generated by org.testng.reporters.JUnitXMLReporter -->
<testsuite hostname="DESKTOP-3MDMV36" ignored="0" name="Default test" tests="6" failures="0" timestamp="23 Nov 2018 11:57:00 GMT" time="19.279" errors="0">
  <testcase name="testCompleteTodo" time="2.13" classname="com.todo.automation.regression.ToDoRegressionSuite"/>
  <testcase name="testCreateTodos" time="0.452" classname="com.todo.automation.regression.ToDoRegressionSuite"/>
  <testcase name="testRemoveTodo" time="3.593" classname="com.todo.automation.regression.ToDoRegressionSuite"/>
  <testcase name="testSelectTodosActive" time="3.571" classname="com.todo.automation.regression.ToDoRegressionSuite"/>
  <testcase name="testSelectTodosAll" time="0.576" classname="com.todo.automation.regression.ToDoRegressionSuite"/>
  <testcase name="testSelectTodosCompleted" time="3.456" classname="com.todo.automation.regression.ToDoRegressionSuite"/>
</testsuite> <!-- Default test -->
