<?xml version="1.0" encoding="UTF-8"?>
<testsuite xmlns:xsi="http://www.w3.org/2001/XMLSchema-instance" xsi:noNamespaceSchemaLocation="https://maven.apache.org/surefire/maven-surefire-plugin/xsd/surefire-test-report.xsd" name="TestSuite" time="24.135" tests="6" errors="0" skipped="0" failures="0">
  <properties>
[...]
</properties>
  <testcase name="testCompleteTodo" classname="com.todo.automation.regression.ToDoRegressionSuite" time="2.053"/>
  <testcase name="testCreateTodos" classname="com.todo.automation.regression.ToDoRegressionSuite" time="0.354"/>
  <testcase name="testRemoveTodo" classname="com.todo.automation.regression.ToDoRegressionSuite" time="3.478"/>
  <testcase name="testSelectTodosActive" classname="com.todo.automation.regression.ToDoRegressionSuite" time="3.672"/>
  <testcase name="testSelectTodosAll" classname="com.todo.automation.regression.ToDoRegressionSuite" time="0.532"/>
  <testcase name="testSelectTodosCompleted" classname="com.todo.automation.regression.ToDoRegressionSuite" time="3.404"/>
</testsuite>