<?xml version="1.0" encoding="UTF-8"?>
<testng-results skipped="0" failed="0" ignored="0" total="6" passed="6">
  <reporter-output>
  </reporter-output>
  <suite name="Default suite" duration-ms="19279" started-at="2018-11-23T11:56:41Z" finished-at="2018-11-23T11:57:00Z">
    <groups>
    </groups>
    <test name="Default test" duration-ms="19279" started-at="2018-11-23T11:56:41Z" finished-at="2018-11-23T11:57:00Z">
      <class name="com.todo.automation.regression.ToDoRegressionSuite">
        <test-method status="PASS" signature="setUp()[pri:0, instance:com.todo.automation.regression.ToDoRegressionSuite@221a3fa4]" name="setUp" is-config="true" duration-ms="4080" started-at="2018-11-23T11:56:41Z" finished-at="2018-11-23T11:56:45Z">
          <reporter-output>
          </reporter-output>
        </test-method> <!-- setUp -->
        <test-method status="PASS" signature="testCompleteTodo()[pri:0, instance:com.todo.automation.regression.ToDoRegressionSuite@221a3fa4]" name="testCompleteTodo" duration-ms="2130" started-at="2018-11-23T11:56:45Z" finished-at="2018-11-23T11:56:47Z">
          <reporter-output>
          </reporter-output>
        </test-method> <!-- testCompleteTodo -->
        <test-method status="PASS" signature="clear()[pri:0, instance:com.todo.automation.regression.ToDoRegressionSuite@221a3fa4]" name="clear" is-config="true" duration-ms="153" started-at="2018-11-23T11:56:47Z" finished-at="2018-11-23T11:56:47Z">
          <reporter-output>
          </reporter-output>
        </test-method> <!-- clear -->
        <test-method status="PASS" signature="testCreateTodos()[pri:0, instance:com.todo.automation.regression.ToDoRegressionSuite@221a3fa4]" name="testCreateTodos" duration-ms="452" started-at="2018-11-23T11:56:47Z" finished-at="2018-11-23T11:56:47Z">
          <reporter-output>
          </reporter-output>
        </test-method> <!-- testCreateTodos -->
        <test-method status="PASS" signature="clear()[pri:0, instance:com.todo.automation.regression.ToDoRegressionSuite@221a3fa4]" name="clear" is-config="true" duration-ms="126" started-at="2018-11-23T11:56:47Z" finished-at="2018-11-23T11:56:48Z">
          <reporter-output>
          </reporter-output>
        </test-method> <!-- clear -->
        <test-method status="PASS" signature="testRemoveTodo()[pri:0, instance:com.todo.automation.regression.ToDoRegressionSuite@221a3fa4]" name="testRemoveTodo" duration-ms="3593" started-at="2018-11-23T11:56:48Z" finished-at="2018-11-23T11:56:51Z">
          <reporter-output>
          </reporter-output>
        </test-method> <!-- testRemoveTodo -->
        <test-method status="PASS" signature="clear()[pri:0, instance:com.todo.automation.regression.ToDoRegressionSuite@221a3fa4]" name="clear" is-config="true" duration-ms="125" started-at="2018-11-23T11:56:51Z" finished-at="2018-11-23T11:56:51Z">
          <reporter-output>
          </reporter-output>
        </test-method> <!-- clear -->
        <test-method status="PASS" signature="testSelectTodosActive()[pri:0, instance:com.todo.automation.regression.ToDoRegressionSuite@221a3fa4]" name="testSelectTodosActive" duration-ms="3571" started-at="2018-11-23T11:56:51Z" finished-at="2018-11-23T11:56:55Z">
          <reporter-output>
          </reporter-output>
        </test-method> <!-- testSelectTodosActive -->
        <test-method status="PASS" signature="clear()[pri:0, instance:com.todo.automation.regression.ToDoRegressionSuite@221a3fa4]" name="clear" is-config="true" duration-ms="103" started-at="2018-11-23T11:56:55Z" finished-at="2018-11-23T11:56:55Z">
          <reporter-output>
          </reporter-output>
        </test-method> <!-- clear -->
        <test-method status="PASS" signature="testSelectTodosAll()[pri:0, instance:com.todo.automation.regression.ToDoRegressionSuite@221a3fa4]" name="testSelectTodosAll" duration-ms="576" started-at="2018-11-23T11:56:55Z" finished-at="2018-11-23T11:56:56Z">
          <reporter-output>
          </reporter-output>
        </test-method> <!-- testSelectTodosAll -->
        <test-method status="PASS" signature="clear()[pri:0, instance:com.todo.automation.regression.ToDoRegressionSuite@221a3fa4]" name="clear" is-config="true" duration-ms="115" started-at="2018-11-23T11:56:56Z" finished-at="2018-11-23T11:56:56Z">
          <reporter-output>
          </reporter-output>
        </test-method> <!-- clear -->
        <test-method status="PASS" signature="testSelectTodosCompleted()[pri:0, instance:com.todo.automation.regression.ToDoRegressionSuite@221a3fa4]" name="testSelectTodosCompleted" duration-ms="3456" started-at="2018-11-23T11:56:56Z" finished-at="2018-11-23T11:56:59Z">
          <reporter-output>
          </reporter-output>
        </test-method> <!-- testSelectTodosCompleted -->
        <test-method status="PASS" signature="clear()[pri:0, instance:com.todo.automation.regression.ToDoRegressionSuite@221a3fa4]" name="clear" is-config="true" duration-ms="145" started-at="2018-11-23T11:56:59Z" finished-at="2018-11-23T11:56:59Z">
          <reporter-output>
          </reporter-output>
        </test-method> <!-- clear -->
        <test-method status="PASS" signature="quitDriver()[pri:0, instance:com.todo.automation.regression.ToDoRegressionSuite@221a3fa4]" name="quitDriver" is-config="true" duration-ms="615" started-at="2018-11-23T11:56:59Z" finished-at="2018-11-23T11:57:00Z">
          <reporter-output>
          </reporter-output>
        </test-method> <!-- quitDriver -->
      </class> <!-- com.todo.automation.regression.ToDoRegressionSuite -->
    </test> <!-- Default test -->
  </suite> <!-- Default suite -->
</testng-results>
